[2016-09-21 16:11:07.576] [TRACE] app - in the api
[2016-09-21 16:11:07.578] [TRACE] app - Manager {
  driver: 
   SkinClass {
     _construct_args: [],
     _native: 
      Db {
        domain: null,
        _events: {},
        _eventsCount: 0,
        _maxListeners: undefined,
        databaseName: 'prototypeDB',
        serverConfig: [Object],
        options: [Object],
        _applicationClosed: false,
        slaveOk: false,
        bufferMaxEntries: -1,
        native_parser: true,
        bsonLib: [Object],
        bson: [Object],
        bson_deserializer: [Object],
        bson_serializer: [Object],
        _state: 'connected',
        pkFactory: [Object],
        forceServerObjectId: false,
        safe: false,
        notReplied: {},
        isInitializing: true,
        openCalled: true,
        commands: [],
        logger: [Object],
        tag: 1474454460577,
        eventHandlers: [Object],
        serializeFunctions: false,
        raw: false,
        recordQueryStats: false,
        retryMiliSeconds: 1000,
        numberOfRetries: 60,
        readPreference: [Object] },
     _emitter: EventEmitter { domain: null, _events: {}, _eventsCount: 0, _maxListeners: 50 },
     _state: 2,
     _connect_args: [ 'mongodb://localhost:27017/prototypeDB', [Object] ] },
  helper: 
   { toObjectID: [Function],
     isObjectID: [Function],
     id: 
      { [Function: ObjectID]
        index: 6273546,
        createPk: [Function: createPk],
        createFromTime: [Function: createFromTime],
        createFromHexString: [Function: createFromHexString],
        isValid: [Function: isValid],
        ObjectID: [Circular],
        ObjectId: [Circular] } },
  collections: {},
  options: { safe: true } }
[2016-09-21 16:11:07.583] [TRACE] app - Manager {
  driver: 
   SkinClass {
     _construct_args: [],
     _native: 
      Db {
        domain: null,
        _events: {},
        _eventsCount: 0,
        _maxListeners: undefined,
        databaseName: 'prototypeDB',
        serverConfig: [Object],
        options: [Object],
        _applicationClosed: false,
        slaveOk: false,
        bufferMaxEntries: -1,
        native_parser: true,
        bsonLib: [Object],
        bson: [Object],
        bson_deserializer: [Object],
        bson_serializer: [Object],
        _state: 'connected',
        pkFactory: [Object],
        forceServerObjectId: false,
        safe: false,
        notReplied: {},
        isInitializing: true,
        openCalled: true,
        commands: [],
        logger: [Object],
        tag: 1474454460577,
        eventHandlers: [Object],
        serializeFunctions: false,
        raw: false,
        recordQueryStats: false,
        retryMiliSeconds: 1000,
        numberOfRetries: 60,
        readPreference: [Object] },
     _emitter: EventEmitter { domain: null, _events: {}, _eventsCount: 0, _maxListeners: 50 },
     _state: 2,
     _connect_args: [ 'mongodb://localhost:27017/prototypeDB', [Object] ] },
  helper: 
   { toObjectID: [Function],
     isObjectID: [Function],
     id: 
      { [Function: ObjectID]
        index: 6273546,
        createPk: [Function: createPk],
        createFromTime: [Function: createFromTime],
        createFromHexString: [Function: createFromHexString],
        isValid: [Function: isValid],
        ObjectID: [Circular],
        ObjectId: [Circular] } },
  collections: {},
  options: { safe: true } }
[2016-09-21 16:11:07.586] [TRACE] app - Collection {
  manager: 
   Manager {
     driver: 
      SkinClass {
        _construct_args: [],
        _native: [Object],
        _emitter: [Object],
        _state: 2,
        _connect_args: [Object] },
     helper: { toObjectID: [Function], isObjectID: [Function], id: [Object] },
     collections: { vindetscollection: [Circular] },
     options: { safe: true } },
  driver: 
   SkinClass {
     _construct_args: [],
     _native: 
      Db {
        domain: null,
        _events: {},
        _eventsCount: 0,
        _maxListeners: undefined,
        databaseName: 'prototypeDB',
        serverConfig: [Object],
        options: [Object],
        _applicationClosed: false,
        slaveOk: false,
        bufferMaxEntries: -1,
        native_parser: true,
        bsonLib: [Object],
        bson: [Object],
        bson_deserializer: [Object],
        bson_serializer: [Object],
        _state: 'connected',
        pkFactory: [Object],
        forceServerObjectId: false,
        safe: false,
        notReplied: {},
        isInitializing: true,
        openCalled: true,
        commands: [],
        logger: [Object],
        tag: 1474454460577,
        eventHandlers: [Object],
        serializeFunctions: false,
        raw: false,
        recordQueryStats: false,
        retryMiliSeconds: 1000,
        numberOfRetries: 60,
        readPreference: [Object] },
     _emitter: EventEmitter { domain: null, _events: {}, _eventsCount: 0, _maxListeners: 50 },
     _state: 2,
     _connect_args: [ 'mongodb://localhost:27017/prototypeDB', [Object] ] },
  helper: 
   { toObjectID: [Function],
     isObjectID: [Function],
     id: 
      { [Function: ObjectID]
        index: 6273546,
        createPk: [Function: createPk],
        createFromTime: [Function: createFromTime],
        createFromHexString: [Function: createFromHexString],
        isValid: [Function: isValid],
        ObjectID: [Circular],
        ObjectId: [Circular] } },
  name: 'vindetscollection',
  col: 
   SkinClass {
     _construct_args: [],
     _native: null,
     _emitter: 
      EventEmitter {
        domain: null,
        _events: {},
        _eventsCount: 0,
        _maxListeners: Infinity },
     _state: 0,
     _skin_db: 
      SkinClass {
        _construct_args: [],
        _native: [Object],
        _emitter: [Object],
        _state: 2,
        _connect_args: [Object] },
     _collection_args: [ 'vindetscollection', undefined ],
     id: 
      { [Function: ObjectID]
        index: 6273546,
        createPk: [Function: createPk],
        createFromTime: [Function: createFromTime],
        createFromHexString: [Function: createFromHexString],
        isValid: [Function: isValid],
        ObjectID: [Circular],
        ObjectId: [Circular] },
     emitter: 
      EventEmitter {
        domain: null,
        _events: {},
        _eventsCount: 0,
        _maxListeners: Infinity } },
  options: {} }
[2016-09-21 16:13:51.140] [TRACE] app - in the api
[2016-09-21 16:13:51.143] [TRACE] app - Manager {
  driver: 
   SkinClass {
     _construct_args: [],
     _native: 
      Db {
        domain: null,
        _events: {},
        _eventsCount: 0,
        _maxListeners: undefined,
        databaseName: 'prototypeDB',
        serverConfig: [Object],
        options: [Object],
        _applicationClosed: false,
        slaveOk: false,
        bufferMaxEntries: -1,
        native_parser: true,
        bsonLib: [Object],
        bson: [Object],
        bson_deserializer: [Object],
        bson_serializer: [Object],
        _state: 'connected',
        pkFactory: [Object],
        forceServerObjectId: false,
        safe: false,
        notReplied: {},
        isInitializing: true,
        openCalled: true,
        commands: [],
        logger: [Object],
        tag: 1474454624730,
        eventHandlers: [Object],
        serializeFunctions: false,
        raw: false,
        recordQueryStats: false,
        retryMiliSeconds: 1000,
        numberOfRetries: 60,
        readPreference: [Object] },
     _emitter: EventEmitter { domain: null, _events: {}, _eventsCount: 0, _maxListeners: 50 },
     _state: 2,
     _connect_args: [ 'mongodb://localhost:27017/prototypeDB', [Object] ] },
  helper: 
   { toObjectID: [Function],
     isObjectID: [Function],
     id: 
      { [Function: ObjectID]
        index: 10224307,
        createPk: [Function: createPk],
        createFromTime: [Function: createFromTime],
        createFromHexString: [Function: createFromHexString],
        isValid: [Function: isValid],
        ObjectID: [Circular],
        ObjectId: [Circular] } },
  collections: {},
  options: { safe: true } }
[2016-09-21 16:13:51.147] [TRACE] app - Manager {
  driver: 
   SkinClass {
     _construct_args: [],
     _native: 
      Db {
        domain: null,
        _events: {},
        _eventsCount: 0,
        _maxListeners: undefined,
        databaseName: 'prototypeDB',
        serverConfig: [Object],
        options: [Object],
        _applicationClosed: false,
        slaveOk: false,
        bufferMaxEntries: -1,
        native_parser: true,
        bsonLib: [Object],
        bson: [Object],
        bson_deserializer: [Object],
        bson_serializer: [Object],
        _state: 'connected',
        pkFactory: [Object],
        forceServerObjectId: false,
        safe: false,
        notReplied: {},
        isInitializing: true,
        openCalled: true,
        commands: [],
        logger: [Object],
        tag: 1474454624730,
        eventHandlers: [Object],
        serializeFunctions: false,
        raw: false,
        recordQueryStats: false,
        retryMiliSeconds: 1000,
        numberOfRetries: 60,
        readPreference: [Object] },
     _emitter: EventEmitter { domain: null, _events: {}, _eventsCount: 0, _maxListeners: 50 },
     _state: 2,
     _connect_args: [ 'mongodb://localhost:27017/prototypeDB', [Object] ] },
  helper: 
   { toObjectID: [Function],
     isObjectID: [Function],
     id: 
      { [Function: ObjectID]
        index: 10224307,
        createPk: [Function: createPk],
        createFromTime: [Function: createFromTime],
        createFromHexString: [Function: createFromHexString],
        isValid: [Function: isValid],
        ObjectID: [Circular],
        ObjectId: [Circular] } },
  collections: {},
  options: { safe: true } }
[2016-09-21 16:13:51.150] [TRACE] app - Collection {
  manager: 
   Manager {
     driver: 
      SkinClass {
        _construct_args: [],
        _native: [Object],
        _emitter: [Object],
        _state: 2,
        _connect_args: [Object] },
     helper: { toObjectID: [Function], isObjectID: [Function], id: [Object] },
     collections: { vindetscollection: [Circular] },
     options: { safe: true } },
  driver: 
   SkinClass {
     _construct_args: [],
     _native: 
      Db {
        domain: null,
        _events: {},
        _eventsCount: 0,
        _maxListeners: undefined,
        databaseName: 'prototypeDB',
        serverConfig: [Object],
        options: [Object],
        _applicationClosed: false,
        slaveOk: false,
        bufferMaxEntries: -1,
        native_parser: true,
        bsonLib: [Object],
        bson: [Object],
        bson_deserializer: [Object],
        bson_serializer: [Object],
        _state: 'connected',
        pkFactory: [Object],
        forceServerObjectId: false,
        safe: false,
        notReplied: {},
        isInitializing: true,
        openCalled: true,
        commands: [],
        logger: [Object],
        tag: 1474454624730,
        eventHandlers: [Object],
        serializeFunctions: false,
        raw: false,
        recordQueryStats: false,
        retryMiliSeconds: 1000,
        numberOfRetries: 60,
        readPreference: [Object] },
     _emitter: EventEmitter { domain: null, _events: {}, _eventsCount: 0, _maxListeners: 50 },
     _state: 2,
     _connect_args: [ 'mongodb://localhost:27017/prototypeDB', [Object] ] },
  helper: 
   { toObjectID: [Function],
     isObjectID: [Function],
     id: 
      { [Function: ObjectID]
        index: 10224307,
        createPk: [Function: createPk],
        createFromTime: [Function: createFromTime],
        createFromHexString: [Function: createFromHexString],
        isValid: [Function: isValid],
        ObjectID: [Circular],
        ObjectId: [Circular] } },
  name: 'vindetscollection',
  col: 
   SkinClass {
     _construct_args: [],
     _native: null,
     _emitter: 
      EventEmitter {
        domain: null,
        _events: {},
        _eventsCount: 0,
        _maxListeners: Infinity },
     _state: 0,
     _skin_db: 
      SkinClass {
        _construct_args: [],
        _native: [Object],
        _emitter: [Object],
        _state: 2,
        _connect_args: [Object] },
     _collection_args: [ 'vindetscollection', undefined ],
     id: 
      { [Function: ObjectID]
        index: 10224307,
        createPk: [Function: createPk],
        createFromTime: [Function: createFromTime],
        createFromHexString: [Function: createFromHexString],
        isValid: [Function: isValid],
        ObjectID: [Circular],
        ObjectId: [Circular] },
     emitter: 
      EventEmitter {
        domain: null,
        _events: {},
        _eventsCount: 0,
        _maxListeners: Infinity } },
  options: {} }
[2016-09-21 16:15:09.300] [TRACE] app - in the api
[2016-09-21 16:15:09.302] [TRACE] app - Manager {
  driver: 
   SkinClass {
     _construct_args: [],
     _native: 
      Db {
        domain: null,
        _events: {},
        _eventsCount: 0,
        _maxListeners: undefined,
        databaseName: 'prototypeDB',
        serverConfig: [Object],
        options: [Object],
        _applicationClosed: false,
        slaveOk: false,
        bufferMaxEntries: -1,
        native_parser: true,
        bsonLib: [Object],
        bson: [Object],
        bson_deserializer: [Object],
        bson_serializer: [Object],
        _state: 'connected',
        pkFactory: [Object],
        forceServerObjectId: false,
        safe: false,
        notReplied: {},
        isInitializing: true,
        openCalled: true,
        commands: [],
        logger: [Object],
        tag: 1474454703090,
        eventHandlers: [Object],
        serializeFunctions: false,
        raw: false,
        recordQueryStats: false,
        retryMiliSeconds: 1000,
        numberOfRetries: 60,
        readPreference: [Object] },
     _emitter: EventEmitter { domain: null, _events: {}, _eventsCount: 0, _maxListeners: 50 },
     _state: 2,
     _connect_args: [ 'mongodb://localhost:27017/prototypeDB', [Object] ] },
  helper: 
   { toObjectID: [Function],
     isObjectID: [Function],
     id: 
      { [Function: ObjectID]
        index: 2971694,
        createPk: [Function: createPk],
        createFromTime: [Function: createFromTime],
        createFromHexString: [Function: createFromHexString],
        isValid: [Function: isValid],
        ObjectID: [Circular],
        ObjectId: [Circular] } },
  collections: {},
  options: { safe: true } }
[2016-09-21 16:15:09.305] [TRACE] app - Manager {
  driver: 
   SkinClass {
     _construct_args: [],
     _native: 
      Db {
        domain: null,
        _events: {},
        _eventsCount: 0,
        _maxListeners: undefined,
        databaseName: 'prototypeDB',
        serverConfig: [Object],
        options: [Object],
        _applicationClosed: false,
        slaveOk: false,
        bufferMaxEntries: -1,
        native_parser: true,
        bsonLib: [Object],
        bson: [Object],
        bson_deserializer: [Object],
        bson_serializer: [Object],
        _state: 'connected',
        pkFactory: [Object],
        forceServerObjectId: false,
        safe: false,
        notReplied: {},
        isInitializing: true,
        openCalled: true,
        commands: [],
        logger: [Object],
        tag: 1474454703090,
        eventHandlers: [Object],
        serializeFunctions: false,
        raw: false,
        recordQueryStats: false,
        retryMiliSeconds: 1000,
        numberOfRetries: 60,
        readPreference: [Object] },
     _emitter: EventEmitter { domain: null, _events: {}, _eventsCount: 0, _maxListeners: 50 },
     _state: 2,
     _connect_args: [ 'mongodb://localhost:27017/prototypeDB', [Object] ] },
  helper: 
   { toObjectID: [Function],
     isObjectID: [Function],
     id: 
      { [Function: ObjectID]
        index: 2971694,
        createPk: [Function: createPk],
        createFromTime: [Function: createFromTime],
        createFromHexString: [Function: createFromHexString],
        isValid: [Function: isValid],
        ObjectID: [Circular],
        ObjectId: [Circular] } },
  collections: {},
  options: { safe: true } }
[2016-09-21 16:15:09.312] [TRACE] app - Collection {
  manager: 
   Manager {
     driver: 
      SkinClass {
        _construct_args: [],
        _native: [Object],
        _emitter: [Object],
        _state: 2,
        _connect_args: [Object] },
     helper: { toObjectID: [Function], isObjectID: [Function], id: [Object] },
     collections: { vindetscollection: [Circular] },
     options: { safe: true } },
  driver: 
   SkinClass {
     _construct_args: [],
     _native: 
      Db {
        domain: null,
        _events: {},
        _eventsCount: 0,
        _maxListeners: undefined,
        databaseName: 'prototypeDB',
        serverConfig: [Object],
        options: [Object],
        _applicationClosed: false,
        slaveOk: false,
        bufferMaxEntries: -1,
        native_parser: true,
        bsonLib: [Object],
        bson: [Object],
        bson_deserializer: [Object],
        bson_serializer: [Object],
        _state: 'connected',
        pkFactory: [Object],
        forceServerObjectId: false,
        safe: false,
        notReplied: {},
        isInitializing: true,
        openCalled: true,
        commands: [],
        logger: [Object],
        tag: 1474454703090,
        eventHandlers: [Object],
        serializeFunctions: false,
        raw: false,
        recordQueryStats: false,
        retryMiliSeconds: 1000,
        numberOfRetries: 60,
        readPreference: [Object] },
     _emitter: EventEmitter { domain: null, _events: {}, _eventsCount: 0, _maxListeners: 50 },
     _state: 2,
     _connect_args: [ 'mongodb://localhost:27017/prototypeDB', [Object] ] },
  helper: 
   { toObjectID: [Function],
     isObjectID: [Function],
     id: 
      { [Function: ObjectID]
        index: 2971694,
        createPk: [Function: createPk],
        createFromTime: [Function: createFromTime],
        createFromHexString: [Function: createFromHexString],
        isValid: [Function: isValid],
        ObjectID: [Circular],
        ObjectId: [Circular] } },
  name: 'vindetscollection',
  col: 
   SkinClass {
     _construct_args: [],
     _native: null,
     _emitter: 
      EventEmitter {
        domain: null,
        _events: {},
        _eventsCount: 0,
        _maxListeners: Infinity },
     _state: 0,
     _skin_db: 
      SkinClass {
        _construct_args: [],
        _native: [Object],
        _emitter: [Object],
        _state: 2,
        _connect_args: [Object] },
     _collection_args: [ 'vindetscollection', undefined ],
     id: 
      { [Function: ObjectID]
        index: 2971694,
        createPk: [Function: createPk],
        createFromTime: [Function: createFromTime],
        createFromHexString: [Function: createFromHexString],
        isValid: [Function: isValid],
        ObjectID: [Circular],
        ObjectId: [Circular] },
     emitter: 
      EventEmitter {
        domain: null,
        _events: {},
        _eventsCount: 0,
        _maxListeners: Infinity } },
  options: {} }
[2016-09-21 16:16:24.726] [TRACE] app - in the api
[2016-09-21 16:16:24.727] [TRACE] app - Manager {
  driver: 
   SkinClass {
     _construct_args: [],
     _native: 
      Db {
        domain: null,
        _events: {},
        _eventsCount: 0,
        _maxListeners: undefined,
        databaseName: 'prototypeDB',
        serverConfig: [Object],
        options: [Object],
        _applicationClosed: false,
        slaveOk: false,
        bufferMaxEntries: -1,
        native_parser: true,
        bsonLib: [Object],
        bson: [Object],
        bson_deserializer: [Object],
        bson_serializer: [Object],
        _state: 'connected',
        pkFactory: [Object],
        forceServerObjectId: false,
        safe: false,
        notReplied: {},
        isInitializing: true,
        openCalled: true,
        commands: [],
        logger: [Object],
        tag: 1474454777941,
        eventHandlers: [Object],
        serializeFunctions: false,
        raw: false,
        recordQueryStats: false,
        retryMiliSeconds: 1000,
        numberOfRetries: 60,
        readPreference: [Object] },
     _emitter: EventEmitter { domain: null, _events: {}, _eventsCount: 0, _maxListeners: 50 },
     _state: 2,
     _connect_args: [ 'mongodb://localhost:27017/prototypeDB', [Object] ] },
  helper: 
   { toObjectID: [Function],
     isObjectID: [Function],
     id: 
      { [Function: ObjectID]
        index: 8586873,
        createPk: [Function: createPk],
        createFromTime: [Function: createFromTime],
        createFromHexString: [Function: createFromHexString],
        isValid: [Function: isValid],
        ObjectID: [Circular],
        ObjectId: [Circular] } },
  collections: {},
  options: { safe: true } }
[2016-09-21 16:16:24.731] [TRACE] app - Manager {
  driver: 
   SkinClass {
     _construct_args: [],
     _native: 
      Db {
        domain: null,
        _events: {},
        _eventsCount: 0,
        _maxListeners: undefined,
        databaseName: 'prototypeDB',
        serverConfig: [Object],
        options: [Object],
        _applicationClosed: false,
        slaveOk: false,
        bufferMaxEntries: -1,
        native_parser: true,
        bsonLib: [Object],
        bson: [Object],
        bson_deserializer: [Object],
        bson_serializer: [Object],
        _state: 'connected',
        pkFactory: [Object],
        forceServerObjectId: false,
        safe: false,
        notReplied: {},
        isInitializing: true,
        openCalled: true,
        commands: [],
        logger: [Object],
        tag: 1474454777941,
        eventHandlers: [Object],
        serializeFunctions: false,
        raw: false,
        recordQueryStats: false,
        retryMiliSeconds: 1000,
        numberOfRetries: 60,
        readPreference: [Object] },
     _emitter: EventEmitter { domain: null, _events: {}, _eventsCount: 0, _maxListeners: 50 },
     _state: 2,
     _connect_args: [ 'mongodb://localhost:27017/prototypeDB', [Object] ] },
  helper: 
   { toObjectID: [Function],
     isObjectID: [Function],
     id: 
      { [Function: ObjectID]
        index: 8586873,
        createPk: [Function: createPk],
        createFromTime: [Function: createFromTime],
        createFromHexString: [Function: createFromHexString],
        isValid: [Function: isValid],
        ObjectID: [Circular],
        ObjectId: [Circular] } },
  collections: {},
  options: { safe: true } }
[2016-09-21 16:16:24.734] [TRACE] app - Collection {
  manager: 
   Manager {
     driver: 
      SkinClass {
        _construct_args: [],
        _native: [Object],
        _emitter: [Object],
        _state: 2,
        _connect_args: [Object] },
     helper: { toObjectID: [Function], isObjectID: [Function], id: [Object] },
     collections: { vindetscollection: [Circular] },
     options: { safe: true } },
  driver: 
   SkinClass {
     _construct_args: [],
     _native: 
      Db {
        domain: null,
        _events: {},
        _eventsCount: 0,
        _maxListeners: undefined,
        databaseName: 'prototypeDB',
        serverConfig: [Object],
        options: [Object],
        _applicationClosed: false,
        slaveOk: false,
        bufferMaxEntries: -1,
        native_parser: true,
        bsonLib: [Object],
        bson: [Object],
        bson_deserializer: [Object],
        bson_serializer: [Object],
        _state: 'connected',
        pkFactory: [Object],
        forceServerObjectId: false,
        safe: false,
        notReplied: {},
        isInitializing: true,
        openCalled: true,
        commands: [],
        logger: [Object],
        tag: 1474454777941,
        eventHandlers: [Object],
        serializeFunctions: false,
        raw: false,
        recordQueryStats: false,
        retryMiliSeconds: 1000,
        numberOfRetries: 60,
        readPreference: [Object] },
     _emitter: EventEmitter { domain: null, _events: {}, _eventsCount: 0, _maxListeners: 50 },
     _state: 2,
     _connect_args: [ 'mongodb://localhost:27017/prototypeDB', [Object] ] },
  helper: 
   { toObjectID: [Function],
     isObjectID: [Function],
     id: 
      { [Function: ObjectID]
        index: 8586873,
        createPk: [Function: createPk],
        createFromTime: [Function: createFromTime],
        createFromHexString: [Function: createFromHexString],
        isValid: [Function: isValid],
        ObjectID: [Circular],
        ObjectId: [Circular] } },
  name: 'vindetscollection',
  col: 
   SkinClass {
     _construct_args: [],
     _native: null,
     _emitter: 
      EventEmitter {
        domain: null,
        _events: {},
        _eventsCount: 0,
        _maxListeners: Infinity },
     _state: 0,
     _skin_db: 
      SkinClass {
        _construct_args: [],
        _native: [Object],
        _emitter: [Object],
        _state: 2,
        _connect_args: [Object] },
     _collection_args: [ 'vindetscollection', undefined ],
     id: 
      { [Function: ObjectID]
        index: 8586873,
        createPk: [Function: createPk],
        createFromTime: [Function: createFromTime],
        createFromHexString: [Function: createFromHexString],
        isValid: [Function: isValid],
        ObjectID: [Circular],
        ObjectId: [Circular] },
     emitter: 
      EventEmitter {
        domain: null,
        _events: {},
        _eventsCount: 0,
        _maxListeners: Infinity } },
  options: {} }
[2016-09-21 16:16:38.756] [TRACE] app - in the api
[2016-09-21 16:16:38.757] [TRACE] app - Manager {
  driver: 
   SkinClass {
     _construct_args: [],
     _native: 
      Db {
        domain: null,
        _events: {},
        _eventsCount: 0,
        _maxListeners: undefined,
        databaseName: 'prototypeDB',
        serverConfig: [Object],
        options: [Object],
        _applicationClosed: false,
        slaveOk: false,
        bufferMaxEntries: -1,
        native_parser: true,
        bsonLib: [Object],
        bson: [Object],
        bson_deserializer: [Object],
        bson_serializer: [Object],
        _state: 'connected',
        pkFactory: [Object],
        forceServerObjectId: false,
        safe: false,
        notReplied: {},
        isInitializing: true,
        openCalled: true,
        commands: [],
        logger: [Object],
        tag: 1474454777941,
        eventHandlers: [Object],
        serializeFunctions: false,
        raw: false,
        recordQueryStats: false,
        retryMiliSeconds: 1000,
        numberOfRetries: 60,
        readPreference: [Object] },
     _emitter: EventEmitter { domain: null, _events: {}, _eventsCount: 0, _maxListeners: 50 },
     _state: 2,
     _connect_args: [ 'mongodb://localhost:27017/prototypeDB', [Object] ] },
  helper: 
   { toObjectID: [Function],
     isObjectID: [Function],
     id: 
      { [Function: ObjectID]
        index: 8586873,
        createPk: [Function: createPk],
        createFromTime: [Function: createFromTime],
        createFromHexString: [Function: createFromHexString],
        isValid: [Function: isValid],
        ObjectID: [Circular],
        ObjectId: [Circular] } },
  collections: 
   { vindetscollection: 
      Collection {
        manager: [Circular],
        driver: [Object],
        helper: [Object],
        name: 'vindetscollection',
        col: [Object],
        options: {} } },
  options: { safe: true } }
[2016-09-21 16:16:38.759] [TRACE] app - Manager {
  driver: 
   SkinClass {
     _construct_args: [],
     _native: 
      Db {
        domain: null,
        _events: {},
        _eventsCount: 0,
        _maxListeners: undefined,
        databaseName: 'prototypeDB',
        serverConfig: [Object],
        options: [Object],
        _applicationClosed: false,
        slaveOk: false,
        bufferMaxEntries: -1,
        native_parser: true,
        bsonLib: [Object],
        bson: [Object],
        bson_deserializer: [Object],
        bson_serializer: [Object],
        _state: 'connected',
        pkFactory: [Object],
        forceServerObjectId: false,
        safe: false,
        notReplied: {},
        isInitializing: true,
        openCalled: true,
        commands: [],
        logger: [Object],
        tag: 1474454777941,
        eventHandlers: [Object],
        serializeFunctions: false,
        raw: false,
        recordQueryStats: false,
        retryMiliSeconds: 1000,
        numberOfRetries: 60,
        readPreference: [Object] },
     _emitter: EventEmitter { domain: null, _events: {}, _eventsCount: 0, _maxListeners: 50 },
     _state: 2,
     _connect_args: [ 'mongodb://localhost:27017/prototypeDB', [Object] ] },
  helper: 
   { toObjectID: [Function],
     isObjectID: [Function],
     id: 
      { [Function: ObjectID]
        index: 8586873,
        createPk: [Function: createPk],
        createFromTime: [Function: createFromTime],
        createFromHexString: [Function: createFromHexString],
        isValid: [Function: isValid],
        ObjectID: [Circular],
        ObjectId: [Circular] } },
  collections: 
   { vindetscollection: 
      Collection {
        manager: [Circular],
        driver: [Object],
        helper: [Object],
        name: 'vindetscollection',
        col: [Object],
        options: {} } },
  options: { safe: true } }
[2016-09-21 16:16:38.762] [TRACE] app - Collection {
  manager: 
   Manager {
     driver: 
      SkinClass {
        _construct_args: [],
        _native: [Object],
        _emitter: [Object],
        _state: 2,
        _connect_args: [Object] },
     helper: { toObjectID: [Function], isObjectID: [Function], id: [Object] },
     collections: { vindetscollection: [Circular] },
     options: { safe: true } },
  driver: 
   SkinClass {
     _construct_args: [],
     _native: 
      Db {
        domain: null,
        _events: {},
        _eventsCount: 0,
        _maxListeners: undefined,
        databaseName: 'prototypeDB',
        serverConfig: [Object],
        options: [Object],
        _applicationClosed: false,
        slaveOk: false,
        bufferMaxEntries: -1,
        native_parser: true,
        bsonLib: [Object],
        bson: [Object],
        bson_deserializer: [Object],
        bson_serializer: [Object],
        _state: 'connected',
        pkFactory: [Object],
        forceServerObjectId: false,
        safe: false,
        notReplied: {},
        isInitializing: true,
        openCalled: true,
        commands: [],
        logger: [Object],
        tag: 1474454777941,
        eventHandlers: [Object],
        serializeFunctions: false,
        raw: false,
        recordQueryStats: false,
        retryMiliSeconds: 1000,
        numberOfRetries: 60,
        readPreference: [Object] },
     _emitter: EventEmitter { domain: null, _events: {}, _eventsCount: 0, _maxListeners: 50 },
     _state: 2,
     _connect_args: [ 'mongodb://localhost:27017/prototypeDB', [Object] ] },
  helper: 
   { toObjectID: [Function],
     isObjectID: [Function],
     id: 
      { [Function: ObjectID]
        index: 8586873,
        createPk: [Function: createPk],
        createFromTime: [Function: createFromTime],
        createFromHexString: [Function: createFromHexString],
        isValid: [Function: isValid],
        ObjectID: [Circular],
        ObjectId: [Circular] } },
  name: 'vindetscollection',
  col: 
   SkinClass {
     _construct_args: [],
     _native: 
      Collection {
        db: [Object],
        collectionName: 'vindetscollection',
        internalHint: null,
        opts: {},
        slaveOk: false,
        serializeFunctions: false,
        raw: false,
        readPreference: [Object],
        pkFactory: [Object],
        serverCapabilities: undefined },
     _emitter: 
      EventEmitter {
        domain: null,
        _events: {},
        _eventsCount: 0,
        _maxListeners: Infinity },
     _state: 2,
     _skin_db: 
      SkinClass {
        _construct_args: [],
        _native: [Object],
        _emitter: [Object],
        _state: 2,
        _connect_args: [Object] },
     _collection_args: [ 'vindetscollection', undefined ],
     id: 
      { [Function: ObjectID]
        index: 8586873,
        createPk: [Function: createPk],
        createFromTime: [Function: createFromTime],
        createFromHexString: [Function: createFromHexString],
        isValid: [Function: isValid],
        ObjectID: [Circular],
        ObjectId: [Circular] },
     emitter: 
      EventEmitter {
        domain: null,
        _events: {},
        _eventsCount: 0,
        _maxListeners: Infinity } },
  options: {} }
[2016-09-21 16:17:12.740] [TRACE] app - in the api
[2016-09-21 16:17:12.742] [TRACE] app - Manager {
  driver: 
   SkinClass {
     _construct_args: [],
     _native: 
      Db {
        domain: null,
        _events: {},
        _eventsCount: 0,
        _maxListeners: undefined,
        databaseName: 'prototypeDB',
        serverConfig: [Object],
        options: [Object],
        _applicationClosed: false,
        slaveOk: false,
        bufferMaxEntries: -1,
        native_parser: true,
        bsonLib: [Object],
        bson: [Object],
        bson_deserializer: [Object],
        bson_serializer: [Object],
        _state: 'connected',
        pkFactory: [Object],
        forceServerObjectId: false,
        safe: false,
        notReplied: {},
        isInitializing: true,
        openCalled: true,
        commands: [],
        logger: [Object],
        tag: 1474454827808,
        eventHandlers: [Object],
        serializeFunctions: false,
        raw: false,
        recordQueryStats: false,
        retryMiliSeconds: 1000,
        numberOfRetries: 60,
        readPreference: [Object] },
     _emitter: EventEmitter { domain: null, _events: {}, _eventsCount: 0, _maxListeners: 50 },
     _state: 2,
     _connect_args: [ 'mongodb://localhost:27017/prototypeDB', [Object] ] },
  helper: 
   { toObjectID: [Function],
     isObjectID: [Function],
     id: 
      { [Function: ObjectID]
        index: 9739945,
        createPk: [Function: createPk],
        createFromTime: [Function: createFromTime],
        createFromHexString: [Function: createFromHexString],
        isValid: [Function: isValid],
        ObjectID: [Circular],
        ObjectId: [Circular] } },
  collections: {},
  options: { safe: true } }
[2016-09-21 16:17:12.747] [TRACE] app - Manager {
  driver: 
   SkinClass {
     _construct_args: [],
     _native: 
      Db {
        domain: null,
        _events: {},
        _eventsCount: 0,
        _maxListeners: undefined,
        databaseName: 'prototypeDB',
        serverConfig: [Object],
        options: [Object],
        _applicationClosed: false,
        slaveOk: false,
        bufferMaxEntries: -1,
        native_parser: true,
        bsonLib: [Object],
        bson: [Object],
        bson_deserializer: [Object],
        bson_serializer: [Object],
        _state: 'connected',
        pkFactory: [Object],
        forceServerObjectId: false,
        safe: false,
        notReplied: {},
        isInitializing: true,
        openCalled: true,
        commands: [],
        logger: [Object],
        tag: 1474454827808,
        eventHandlers: [Object],
        serializeFunctions: false,
        raw: false,
        recordQueryStats: false,
        retryMiliSeconds: 1000,
        numberOfRetries: 60,
        readPreference: [Object] },
     _emitter: EventEmitter { domain: null, _events: {}, _eventsCount: 0, _maxListeners: 50 },
     _state: 2,
     _connect_args: [ 'mongodb://localhost:27017/prototypeDB', [Object] ] },
  helper: 
   { toObjectID: [Function],
     isObjectID: [Function],
     id: 
      { [Function: ObjectID]
        index: 9739945,
        createPk: [Function: createPk],
        createFromTime: [Function: createFromTime],
        createFromHexString: [Function: createFromHexString],
        isValid: [Function: isValid],
        ObjectID: [Circular],
        ObjectId: [Circular] } },
  collections: {},
  options: { safe: true } }
[2016-09-21 16:17:12.750] [TRACE] app - Collection {
  manager: 
   Manager {
     driver: 
      SkinClass {
        _construct_args: [],
        _native: [Object],
        _emitter: [Object],
        _state: 2,
        _connect_args: [Object] },
     helper: { toObjectID: [Function], isObjectID: [Function], id: [Object] },
     collections: { vindetscollection: [Circular] },
     options: { safe: true } },
  driver: 
   SkinClass {
     _construct_args: [],
     _native: 
      Db {
        domain: null,
        _events: {},
        _eventsCount: 0,
        _maxListeners: undefined,
        databaseName: 'prototypeDB',
        serverConfig: [Object],
        options: [Object],
        _applicationClosed: false,
        slaveOk: false,
        bufferMaxEntries: -1,
        native_parser: true,
        bsonLib: [Object],
        bson: [Object],
        bson_deserializer: [Object],
        bson_serializer: [Object],
        _state: 'connected',
        pkFactory: [Object],
        forceServerObjectId: false,
        safe: false,
        notReplied: {},
        isInitializing: true,
        openCalled: true,
        commands: [],
        logger: [Object],
        tag: 1474454827808,
        eventHandlers: [Object],
        serializeFunctions: false,
        raw: false,
        recordQueryStats: false,
        retryMiliSeconds: 1000,
        numberOfRetries: 60,
        readPreference: [Object] },
     _emitter: EventEmitter { domain: null, _events: {}, _eventsCount: 0, _maxListeners: 50 },
     _state: 2,
     _connect_args: [ 'mongodb://localhost:27017/prototypeDB', [Object] ] },
  helper: 
   { toObjectID: [Function],
     isObjectID: [Function],
     id: 
      { [Function: ObjectID]
        index: 9739945,
        createPk: [Function: createPk],
        createFromTime: [Function: createFromTime],
        createFromHexString: [Function: createFromHexString],
        isValid: [Function: isValid],
        ObjectID: [Circular],
        ObjectId: [Circular] } },
  name: 'vindetscollection',
  col: 
   SkinClass {
     _construct_args: [],
     _native: null,
     _emitter: 
      EventEmitter {
        domain: null,
        _events: {},
        _eventsCount: 0,
        _maxListeners: Infinity },
     _state: 0,
     _skin_db: 
      SkinClass {
        _construct_args: [],
        _native: [Object],
        _emitter: [Object],
        _state: 2,
        _connect_args: [Object] },
     _collection_args: [ 'vindetscollection', undefined ],
     id: 
      { [Function: ObjectID]
        index: 9739945,
        createPk: [Function: createPk],
        createFromTime: [Function: createFromTime],
        createFromHexString: [Function: createFromHexString],
        isValid: [Function: isValid],
        ObjectID: [Circular],
        ObjectId: [Circular] },
     emitter: 
      EventEmitter {
        domain: null,
        _events: {},
        _eventsCount: 0,
        _maxListeners: Infinity } },
  options: {} }
