0 info it worked if it ends with ok
1 verbose cli [ 'C:\\Program Files\\nodejs\\node.exe',
1 verbose cli   'C:\\Program Files\\nodejs\\node_modules\\npm\\bin\\npm-cli.js',
1 verbose cli   'install',
1 verbose cli   '-g',
1 verbose cli   'n' ]
2 info using npm@2.15.9
3 info using node@v4.5.0
4 verbose install initial load of C:\Users\pramila.emani\AppData\Roaming\npm\package.json
5 verbose readDependencies loading dependencies from C:\Users\pramila.emani\AppData\Roaming\npm\package.json
6 silly cache add args [ 'n', null ]
7 verbose cache add spec n
8 silly cache add parsed spec Result {
8 silly cache add   raw: 'n',
8 silly cache add   scope: null,
8 silly cache add   name: 'n',
8 silly cache add   rawSpec: '',
8 silly cache add   spec: 'latest',
8 silly cache add   type: 'tag' }
9 silly addNamed n@latest
10 verbose addNamed "latest" is being treated as a dist-tag for n
11 info addNameTag [ 'n', 'latest' ]
12 silly mapToRegistry name n
13 silly mapToRegistry using default registry
14 silly mapToRegistry registry https://registry.npmjs.org/
15 silly mapToRegistry data Result {
15 silly mapToRegistry   raw: 'n',
15 silly mapToRegistry   scope: null,
15 silly mapToRegistry   name: 'n',
15 silly mapToRegistry   rawSpec: '',
15 silly mapToRegistry   spec: 'latest',
15 silly mapToRegistry   type: 'tag' }
16 silly mapToRegistry uri https://registry.npmjs.org/n
17 verbose addNameTag registry:https://registry.npmjs.org/n not in flight; fetching
18 verbose request uri https://registry.npmjs.org/n
19 verbose request no auth needed
20 info attempt registry request try #1 at 3:21:25 PM
21 verbose request id 6619a2d31d00969b
22 verbose etag "21T3QAL2MGBMA3SX3URQF35QD"
23 http request GET https://registry.npmjs.org/n
24 http 304 https://registry.npmjs.org/n
25 verbose headers { date: 'Wed, 21 Sep 2016 09:51:27 GMT',
25 verbose headers   via: '1.1 varnish',
25 verbose headers   'cache-control': 'max-age=300',
25 verbose headers   etag: '"21T3QAL2MGBMA3SX3URQF35QD"',
25 verbose headers   age: '263',
25 verbose headers   connection: 'keep-alive',
25 verbose headers   'x-served-by': 'cache-sin6927-SIN',
25 verbose headers   'x-cache': 'HIT',
25 verbose headers   'x-cache-hits': '3',
25 verbose headers   'x-timer': 'S1474451487.508060,VS0,VE0',
25 verbose headers   vary: 'Accept-Encoding' }
26 silly get cb [ 304,
26 silly get   { date: 'Wed, 21 Sep 2016 09:51:27 GMT',
26 silly get     via: '1.1 varnish',
26 silly get     'cache-control': 'max-age=300',
26 silly get     etag: '"21T3QAL2MGBMA3SX3URQF35QD"',
26 silly get     age: '263',
26 silly get     connection: 'keep-alive',
26 silly get     'x-served-by': 'cache-sin6927-SIN',
26 silly get     'x-cache': 'HIT',
26 silly get     'x-cache-hits': '3',
26 silly get     'x-timer': 'S1474451487.508060,VS0,VE0',
26 silly get     vary: 'Accept-Encoding' } ]
27 verbose etag https://registry.npmjs.org/n from cache
28 verbose get saving n to C:\Users\pramila.emani\AppData\Roaming\npm-cache\registry.npmjs.org\n\.cache.json
29 verbose correctMkdir C:\Users\pramila.emani\AppData\Roaming\npm-cache correctMkdir not in flight; initializing
30 silly addNameTag next cb for n with tag latest
31 silly addNamed n@2.1.4
32 verbose addNamed "2.1.4" is a plain semver version for n
33 silly cache afterAdd n@2.1.4
34 verbose afterAdd C:\Users\pramila.emani\AppData\Roaming\npm-cache\n\2.1.4\package\package.json not in flight; writing
35 verbose correctMkdir C:\Users\pramila.emani\AppData\Roaming\npm-cache correctMkdir not in flight; initializing
36 verbose afterAdd C:\Users\pramila.emani\AppData\Roaming\npm-cache\n\2.1.4\package\package.json written
37 silly install resolved [ { name: 'n',
37 silly install resolved     description: 'Interactively Manage All Your Node Versions',
37 silly install resolved     version: '2.1.4',
37 silly install resolved     author: { name: 'TJ Holowaychuk', email: 'tj@vision-media.ca' },
37 silly install resolved     homepage: 'https://github.com/tj/n',
37 silly install resolved     bugs: { url: 'https://github.com/tj/n/issues' },
37 silly install resolved     contributors: [ [Object], [Object], [Object] ],
37 silly install resolved     keywords:
37 silly install resolved      [ 'nvm',
37 silly install resolved        'node',
37 silly install resolved        'version',
37 silly install resolved        'manager',
37 silly install resolved        'switcher',
37 silly install resolved        'node',
37 silly install resolved        'binary',
37 silly install resolved        'env' ],
37 silly install resolved     bin: { n: './bin/n' },
37 silly install resolved     repository: { type: 'git', url: 'git://github.com/tj/n.git' },
37 silly install resolved     preferGlobal: true,
37 silly install resolved     os: [ '!win32' ],
37 silly install resolved     engines: { node: '*' },
37 silly install resolved     license: 'MIT',
37 silly install resolved     gitHead: 'ff9ba303d972069903c0f951ece43f47adce24e8',
37 silly install resolved     _id: 'n@2.1.4',
37 silly install resolved     scripts: {},
37 silly install resolved     _shasum: '7546bc467a120cc96718f2716cd86c43290f94c5',
37 silly install resolved     _from: 'n@latest',
37 silly install resolved     _npmVersion: '3.10.3',
37 silly install resolved     _nodeVersion: '6.3.1',
37 silly install resolved     _npmUser: { name: 'qw3rtman', email: 'me@nimit.io' },
37 silly install resolved     dist:
37 silly install resolved      { shasum: '7546bc467a120cc96718f2716cd86c43290f94c5',
37 silly install resolved        tarball: 'https://registry.npmjs.org/n/-/n-2.1.4.tgz' },
37 silly install resolved     maintainers: [ [Object], [Object], [Object], [Object], [Object], [Object] ],
37 silly install resolved     _npmOperationalInternal:
37 silly install resolved      { host: 'packages-16-east.internal.npmjs.com',
37 silly install resolved        tmp: 'tmp/n-2.1.4.tgz_1470600124670_0.21058935346081853' },
37 silly install resolved     directories: {},
37 silly install resolved     _resolved: 'https://registry.npmjs.org/n/-/n-2.1.4.tgz',
37 silly install resolved     readme: 'ERROR: No README data found!' } ]
38 info install n@2.1.4 into C:\Users\pramila.emani\AppData\Roaming\npm
39 info installOne n@2.1.4
40 verbose installOne of n to C:\Users\pramila.emani\AppData\Roaming\npm not in flight; installing
41 verbose correctMkdir C:\Users\pramila.emani\AppData\Roaming\npm-cache\_locks correctMkdir not in flight; initializing
42 verbose lock using C:\Users\pramila.emani\AppData\Roaming\npm-cache\_locks\n-8af449a84a6e98bb.lock for C:\Users\pramila.emani\AppData\Roaming\npm\node_modules\n
43 verbose unlock done using C:\Users\pramila.emani\AppData\Roaming\npm-cache\_locks\n-8af449a84a6e98bb.lock for C:\Users\pramila.emani\AppData\Roaming\npm\node_modules\n
44 verbose stack Error: Unsupported
44 verbose stack     at checkPlatform (C:\Program Files\nodejs\node_modules\npm\node_modules\npm-install-checks\index.js:47:14)
44 verbose stack     at Array.<anonymous> (C:\Program Files\nodejs\node_modules\npm\node_modules\slide\lib\bind-actor.js:15:8)
44 verbose stack     at LOOP (C:\Program Files\nodejs\node_modules\npm\node_modules\slide\lib\chain.js:15:14)
44 verbose stack     at C:\Program Files\nodejs\node_modules\npm\node_modules\slide\lib\chain.js:18:7
44 verbose stack     at checkEngine (C:\Program Files\nodejs\node_modules\npm\node_modules\npm-install-checks\index.js:26:10)
44 verbose stack     at Array.<anonymous> (C:\Program Files\nodejs\node_modules\npm\node_modules\slide\lib\bind-actor.js:15:8)
44 verbose stack     at LOOP (C:\Program Files\nodejs\node_modules\npm\node_modules\slide\lib\chain.js:15:14)
44 verbose stack     at chain (C:\Program Files\nodejs\node_modules\npm\node_modules\slide\lib\chain.js:20:5)
44 verbose stack     at C:\Program Files\nodejs\node_modules\npm\lib\install.js:1038:5
44 verbose stack     at C:\Program Files\nodejs\node_modules\npm\lib\utils\locker.js:39:7
45 verbose pkgid n@2.1.4
46 verbose cwd C:\meanApplication
47 error Windows_NT 6.1.7601
48 error argv "C:\\Program Files\\nodejs\\node.exe" "C:\\Program Files\\nodejs\\node_modules\\npm\\bin\\npm-cli.js" "install" "-g" "n"
49 error node v4.5.0
50 error npm  v2.15.9
51 error code EBADPLATFORM
52 error notsup Unsupported
52 error notsup Not compatible with your operating system or architecture: n@2.1.4
52 error notsup Valid OS:    !win32
52 error notsup Valid Arch:  any
52 error notsup Actual OS:   win32
52 error notsup Actual Arch: x64
53 verbose exit [ 1, true ]
